2023-02-10 16:56:42 - root - INFO      - debug_soccernet_Goal_detection_and_Abstraction_generate.py : 112 line -   
2023-02-10 16:56:42 - root - INFO      - debug_soccernet_Goal_detection_and_Abstraction_generate.py : 114 line - --------------------------------------------------------------------------------------------------------------
2023-02-10 16:56:42 - root - INFO      - debug_soccernet_Goal_detection_and_Abstraction_generate.py : 115 line - video:italy_serie-a 2015-04-29 Fiorentina 1
2023-02-10 16:56:42 - root - INFO      - debug_soccernet_Goal_detection_and_Abstraction_generate.py : 119 line - 视频属性：   总帧数：69050.0   FPS:25.0   width:1280.0   height:720.0
2023-02-10 16:56:46 - root - INFO      - Goal_detection_tools.py : 153 line - 本视频为上半场比赛
2023-02-10 17:01:23 - root - INFO      - debug_soccernet_Goal_detection_and_Abstraction_generate.py : 346 line - ##################### video:italy_serie-a 2015-04-29 Fiorentina 1  goal events ####################
2023-02-10 17:01:23 - root - INFO      - debug_soccernet_Goal_detection_and_Abstraction_generate.py : 347 line - ### showed by players ###
2023-02-10 17:01:23 - root - INFO      - debug_soccernet_Goal_detection_and_Abstraction_generate.py : 366 line - 来自 Juventus 的 F.LLORENTE  在第 36 分钟射入一球！'
2023-02-10 17:01:23 - root - INFO      - debug_soccernet_Goal_detection_and_Abstraction_generate.py : 465 line - ------Generating goal vides------
2023-02-10 17:01:23 - root - INFO      - debug_soccernet_Goal_detection_and_Abstraction_generate.py : 466 line - ------生成进球视频片段------
2023-02-10 17:01:23 - root - INFO      - debug_soccernet_Goal_detection_and_Abstraction_generate.py : 558 line - ------ done ------
2023-02-10 17:01:23 - root - INFO      - debug_soccernet_Goal_detection_and_Abstraction_generate.py : 621 line - 本场比赛的双方是Juventus和Fiorentina。
2023-02-10 17:01:23 - root - INFO      - debug_soccernet_Goal_detection_and_Abstraction_generate.py : 621 line - 上半场结束，目前结果是Juventus1比0领先Fiorentina。
2023-02-10 17:01:23 - root - INFO      - debug_soccernet_Goal_detection_and_Abstraction_generate.py : 621 line - 以下是得分详情：
2023-02-10 17:01:23 - root - INFO      - debug_soccernet_Goal_detection_and_Abstraction_generate.py : 623 line - ### showed by time line ###
2023-02-10 17:01:23 - root - INFO      - debug_soccernet_Goal_detection_and_Abstraction_generate.py : 626 line -                Juventus                     time                     Fiorentina
2023-02-10 17:01:23 - root - INFO      - debug_soccernet_Goal_detection_and_Abstraction_generate.py : 628 line - F.LLORENTE  shot a goal At 36'
2023-02-10 17:01:23 - root - INFO      - debug_soccernet_Goal_detection_and_Abstraction_generate.py : 630 line -  
2023-02-10 17:01:23 - root - INFO      - debug_soccernet_Goal_detection_and_Abstraction_generate.py : 632 line - 真实进球时间（帧号）：[48850.0, 52550.0, 67550.0]
2023-02-10 17:01:23 - root - INFO      - debug_soccernet_Goal_detection_and_Abstraction_generate.py : 633 line - 检测正确结果：['52550.0 - 54336']
2023-02-10 17:01:23 - root - INFO      - debug_soccernet_Goal_detection_and_Abstraction_generate.py : 636 line - GT : 3， 共找到：1， 其中正确的：1
2023-02-10 17:01:23 - root - INFO      - debug_soccernet_Goal_detection_and_Abstraction_generate.py : 637 line - ####################################################
2023-02-10 17:01:23 - root - INFO      - debug_soccernet_Goal_detection_and_Abstraction_generate.py : 640 line - time for this video:280.9092469215393
2023-02-10 17:01:23 - root - INFO      - debug_soccernet_Goal_detection_and_Abstraction_generate.py : 647 line - 所有真实得分数:3   检测到的得分数:1   检测正确的得分数:1  
